# JRE version: OpenJDK Runtime Environment (17.0+35) (build 17+35-2724)
# Java VM: OpenJDK 64-Bit Server VM (17+35-2724, mixed mode, sharing, tiered, compressed oops, compressed class ptrs, g1 gc, windows-amd64)
GC Precious Log:
 CPUs: 4 total, 4 available
 Memory: 8146M
 Large Page Support: Disabled
 NUMA Support: Disabled
 Compressed Oops: Enabled (32-bit)
 Heap Region Size: 1M
 Heap Min Capacity: 8M
 Heap Initial Capacity: 128M
 Heap Max Capacity: 2038M
 Pre-touch: Disabled
 Parallel Workers: 4
 Concurrent Workers: 1
 Concurrent Refinement Workers: 4
 Periodic GC: Disabled
Heap:
 garbage-first heap   total 122880K, used 63485K [0x0000000080a00000, 0x0000000100000000)
  region size 1024K, 36 young (36864K), 5 survivors (5120K)
 Metaspace       used 66912K, committed 67264K, reserved 1114112K
  class space    used 8914K, committed 9088K, reserved 1048576K
GC Heap History (20 events):
Event: 3.946 GC heap before
{Heap before GC invocations=6 (full 0):
 garbage-first heap   total 55296K, used 41636K [0x0000000080a00000, 0x0000000100000000)
  region size 1024K, 32 young (32768K), 6 survivors (6144K)
 Metaspace       used 25849K, committed 26176K, reserved 1073152K
  class space    used 3381K, committed 3520K, reserved 1048576K
}
Event: 3.958 GC heap after
{Heap after GC invocations=7 (full 0):
 garbage-first heap   total 55296K, used 17069K [0x0000000080a00000, 0x0000000100000000)
  region size 1024K, 4 young (4096K), 4 survivors (4096K)
 Metaspace       used 25849K, committed 26176K, reserved 1073152K
  class space    used 3381K, committed 3520K, reserved 1048576K
}
Event: 4.158 GC heap before
{Heap before GC invocations=7 (full 0):
 garbage-first heap   total 55296K, used 38573K [0x0000000080a00000, 0x0000000100000000)
  region size 1024K, 26 young (26624K), 4 survivors (4096K)
 Metaspace       used 28260K, committed 28544K, reserved 1081344K
  class space    used 3641K, committed 3776K, reserved 1048576K
}
Event: 4.165 GC heap after
{Heap after GC invocations=8 (full 0):
 garbage-first heap   total 55296K, used 18857K [0x0000000080a00000, 0x0000000100000000)
  region size 1024K, 2 young (2048K), 2 survivors (2048K)
 Metaspace       used 28260K, committed 28544K, reserved 1081344K
  class space    used 3641K, committed 3776K, reserved 1048576K
}
Event: 4.169 GC heap before
{Heap before GC invocations=8 (full 0):
 garbage-first heap   total 55296K, used 38313K [0x0000000080a00000, 0x0000000100000000)
  region size 1024K, 22 young (22528K), 2 survivors (2048K)
 Metaspace       used 28260K, committed 28544K, reserved 1081344K
  class space    used 3641K, committed 3776K, reserved 1048576K
}
Event: 4.173 GC heap after
{Heap after GC invocations=9 (full 0):
 garbage-first heap   total 66560K, used 18601K [0x0000000080a00000, 0x0000000100000000)
  region size 1024K, 2 young (2048K), 2 survivors (2048K)
 Metaspace       used 28260K, committed 28544K, reserved 1081344K
  class space    used 3641K, committed 3776K, reserved 1048576K
}
Event: 4.356 GC heap before
{Heap before GC invocations=9 (full 0):
 garbage-first heap   total 66560K, used 51369K [0x0000000080a00000, 0x0000000100000000)
  region size 1024K, 33 young (33792K), 2 survivors (2048K)
 Metaspace       used 29653K, committed 29952K, reserved 1081344K
  class space    used 3787K, committed 3904K, reserved 1048576K
}
Event: 4.359 GC heap after
{Heap after GC invocations=10 (full 0):
 garbage-first heap   total 66560K, used 18916K [0x0000000080a00000, 0x0000000100000000)
  region size 1024K, 2 young (2048K), 2 survivors (2048K)
 Metaspace       used 29653K, committed 29952K, reserved 1081344K
  class space    used 3787K, committed 3904K, reserved 1048576K
}
Event: 8.794 GC heap before
{Heap before GC invocations=10 (full 0):
 garbage-first heap   total 66560K, used 40420K [0x0000000080a00000, 0x0000000100000000)
  region size 1024K, 25 young (25600K), 2 survivors (2048K)
 Metaspace       used 35671K, committed 35968K, reserved 1081344K
  class space    used 4479K, committed 4608K, reserved 1048576K
}
Event: 8.799 GC heap after
{Heap after GC invocations=11 (full 0):
 garbage-first heap   total 66560K, used 21211K [0x0000000080a00000, 0x0000000100000000)
  region size 1024K, 4 young (4096K), 4 survivors (4096K)
 Metaspace       used 35671K, committed 35968K, reserved 1081344K
  class space    used 4479K, committed 4608K, reserved 1048576K
}
Event: 9.363 GC heap before
{Heap before GC invocations=12 (full 0):
 garbage-first heap   total 66560K, used 52955K [0x0000000080a00000, 0x0000000100000000)
  region size 1024K, 33 young (33792K), 4 survivors (4096K)
 Metaspace       used 44104K, committed 44416K, reserved 1089536K
  class space    used 5763K, committed 5888K, reserved 1048576K
}
Event: 9.368 GC heap after
{Heap after GC invocations=13 (full 0):
 garbage-first heap   total 66560K, used 24837K [0x0000000080a00000, 0x0000000100000000)
  region size 1024K, 4 young (4096K), 4 survivors (4096K)
 Metaspace       used 44104K, committed 44416K, reserved 1089536K
  class space    used 5763K, committed 5888K, reserved 1048576K
}
Event: 9.889 GC heap before
{Heap before GC invocations=13 (full 0):
 garbage-first heap   total 66560K, used 52485K [0x0000000080a00000, 0x0000000100000000)
  region size 1024K, 31 young (31744K), 4 survivors (4096K)
 Metaspace       used 49968K, committed 50368K, reserved 1097728K
  class space    used 6704K, committed 6912K, reserved 1048576K
}
Event: 9.895 GC heap after
{Heap after GC invocations=14 (full 0):
 garbage-first heap   total 66560K, used 26722K [0x0000000080a00000, 0x0000000100000000)
  region size 1024K, 4 young (4096K), 4 survivors (4096K)
 Metaspace       used 49968K, committed 50368K, reserved 1097728K
  class space    used 6704K, committed 6912K, reserved 1048576K
}
Event: 10.344 GC heap before
{Heap before GC invocations=14 (full 0):
 garbage-first heap   total 66560K, used 51298K [0x0000000080a00000, 0x0000000100000000)
  region size 1024K, 29 young (29696K), 4 survivors (4096K)
 Metaspace       used 52853K, committed 53248K, reserved 1097728K
  class space    used 7126K, committed 7296K, reserved 1048576K
}
Event: 10.349 GC heap after
{Heap after GC invocations=15 (full 0):
 garbage-first heap   total 66560K, used 29145K [0x0000000080a00000, 0x0000000100000000)
  region size 1024K, 4 young (4096K), 4 survivors (4096K)
 Metaspace       used 52853K, committed 53248K, reserved 1097728K
  class space    used 7126K, committed 7296K, reserved 1048576K
}
Event: 12.880 GC heap before
{Heap before GC invocations=15 (full 0):
 garbage-first heap   total 66560K, used 52697K [0x0000000080a00000, 0x0000000100000000)
  region size 1024K, 27 young (27648K), 4 survivors (4096K)
 Metaspace       used 56536K, committed 56896K, reserved 1105920K
  class space    used 7631K, committed 7808K, reserved 1048576K
}
Event: 12.888 GC heap after
{Heap after GC invocations=16 (full 0):
 garbage-first heap   total 135168K, used 31444K [0x0000000080a00000, 0x0000000100000000)
  region size 1024K, 3 young (3072K), 3 survivors (3072K)
 Metaspace       used 56536K, committed 56896K, reserved 1105920K
  class space    used 7631K, committed 7808K, reserved 1048576K
}
Event: 13.229 GC heap before
{Heap before GC invocations=16 (full 0):
 garbage-first heap   total 135168K, used 45780K [0x0000000080a00000, 0x0000000100000000)
  region size 1024K, 18 young (18432K), 3 survivors (3072K)
 Metaspace       used 60167K, committed 60480K, reserved 1105920K
  class space    used 8102K, committed 8256K, reserved 1048576K
}
Event: 13.234 GC heap after
{Heap after GC invocations=17 (full 0):
 garbage-first heap   total 135168K, used 33789K [0x0000000080a00000, 0x0000000100000000)
  region size 1024K, 5 young (5120K), 5 survivors (5120K)
 Metaspace       used 60167K, committed 60480K, reserved 1105920K
  class space    used 8102K, committed 8256K, reserved 1048576K
}

