# JRE version: OpenJDK Runtime Environment (17.0+35) (build 17+35-2724)
# Java VM: OpenJDK 64-Bit Server VM (17+35-2724, mixed mode, sharing, tiered, compressed oops, compressed class ptrs, g1 gc, windows-amd64)
GC Precious Log:
 CPUs: 4 total, 4 available
 Memory: 8146M
 Large Page Support: Disabled
 NUMA Support: Disabled
 Compressed Oops: Enabled (32-bit)
 Heap Region Size: 1M
 Heap Min Capacity: 8M
 Heap Initial Capacity: 128M
 Heap Max Capacity: 2038M
 Pre-touch: Disabled
 Parallel Workers: 4
 Concurrent Workers: 1
 Concurrent Refinement Workers: 4
 Periodic GC: Disabled
Heap:
 garbage-first heap   total 51200K, used 20492K [0x0000000080a00000, 0x0000000100000000)
  region size 1024K, 2 young (2048K), 1 survivors (1024K)
 Metaspace       used 35715K, committed 36096K, reserved 1081344K
  class space    used 4546K, committed 4736K, reserved 1048576K
GC Heap History (20 events):
Event: 1.802 GC heap before
{Heap before GC invocations=1 (full 0):
 garbage-first heap   total 131072K, used 17900K [0x0000000080a00000, 0x0000000100000000)
  region size 1024K, 14 young (14336K), 2 survivors (2048K)
 Metaspace       used 4588K, committed 4736K, reserved 1056768K
  class space    used 493K, committed 576K, reserved 1048576K
}
Event: 1.806 GC heap after
{Heap after GC invocations=2 (full 0):
 garbage-first heap   total 131072K, used 7553K [0x0000000080a00000, 0x0000000100000000)
  region size 1024K, 2 young (2048K), 2 survivors (2048K)
 Metaspace       used 4588K, committed 4736K, reserved 1056768K
  class space    used 493K, committed 576K, reserved 1048576K
}
Event: 4.361 GC heap before
{Heap before GC invocations=2 (full 0):
 garbage-first heap   total 131072K, used 30081K [0x0000000080a00000, 0x0000000100000000)
  region size 1024K, 24 young (24576K), 2 survivors (2048K)
 Metaspace       used 10475K, committed 10688K, reserved 1064960K
  class space    used 1275K, committed 1408K, reserved 1048576K
}
Event: 4.366 GC heap after
{Heap after GC invocations=3 (full 0):
 garbage-first heap   total 131072K, used 9425K [0x0000000080a00000, 0x0000000100000000)
  region size 1024K, 2 young (2048K), 2 survivors (2048K)
 Metaspace       used 10475K, committed 10688K, reserved 1064960K
  class space    used 1275K, committed 1408K, reserved 1048576K
}
Event: 7.819 GC heap before
{Heap before GC invocations=3 (full 0):
 garbage-first heap   total 131072K, used 81105K [0x0000000080a00000, 0x0000000100000000)
  region size 1024K, 73 young (74752K), 2 survivors (2048K)
 Metaspace       used 21193K, committed 21504K, reserved 1073152K
  class space    used 2587K, committed 2752K, reserved 1048576K
}
Event: 7.828 GC heap after
{Heap after GC invocations=4 (full 0):
 garbage-first heap   total 131072K, used 13569K [0x0000000080a00000, 0x0000000100000000)
  region size 1024K, 6 young (6144K), 6 survivors (6144K)
 Metaspace       used 21193K, committed 21504K, reserved 1073152K
  class space    used 2587K, committed 2752K, reserved 1048576K
}
Event: 9.442 GC heap before
{Heap before GC invocations=5 (full 0):
 garbage-first heap   total 51200K, used 38145K [0x0000000080a00000, 0x0000000100000000)
  region size 1024K, 30 young (30720K), 6 survivors (6144K)
 Metaspace       used 26525K, committed 26816K, reserved 1073152K
  class space    used 3275K, committed 3392K, reserved 1048576K
}
Event: 9.456 GC heap after
{Heap after GC invocations=6 (full 0):
 garbage-first heap   total 51200K, used 16196K [0x0000000080a00000, 0x0000000100000000)
  region size 1024K, 3 young (3072K), 3 survivors (3072K)
 Metaspace       used 26525K, committed 26816K, reserved 1073152K
  class space    used 3275K, committed 3392K, reserved 1048576K
}
Event: 9.640 GC heap before
{Heap before GC invocations=6 (full 0):
 garbage-first heap   total 51200K, used 35652K [0x0000000080a00000, 0x0000000100000000)
  region size 1024K, 21 young (21504K), 3 survivors (3072K)
 Metaspace       used 26753K, committed 27072K, reserved 1073152K
  class space    used 3297K, committed 3456K, reserved 1048576K
}
Event: 9.645 GC heap after
{Heap after GC invocations=7 (full 0):
 garbage-first heap   total 51200K, used 17831K [0x0000000080a00000, 0x0000000100000000)
  region size 1024K, 1 young (1024K), 1 survivors (1024K)
 Metaspace       used 26753K, committed 27072K, reserved 1073152K
  class space    used 3297K, committed 3456K, reserved 1048576K
}
Event: 10.225 GC heap before
{Heap before GC invocations=7 (full 0):
 garbage-first heap   total 51200K, used 35239K [0x0000000080a00000, 0x0000000100000000)
  region size 1024K, 19 young (19456K), 1 survivors (1024K)
 Metaspace       used 28781K, committed 29184K, reserved 1081344K
  class space    used 3590K, committed 3776K, reserved 1048576K
}
Event: 10.229 GC heap after
{Heap after GC invocations=8 (full 0):
 garbage-first heap   total 51200K, used 17371K [0x0000000080a00000, 0x0000000100000000)
  region size 1024K, 2 young (2048K), 2 survivors (2048K)
 Metaspace       used 28781K, committed 29184K, reserved 1081344K
  class space    used 3590K, committed 3776K, reserved 1048576K
}
Event: 10.844 GC heap before
{Heap before GC invocations=8 (full 0):
 garbage-first heap   total 51200K, used 36827K [0x0000000080a00000, 0x0000000100000000)
  region size 1024K, 21 young (21504K), 2 survivors (2048K)
 Metaspace       used 30606K, committed 30976K, reserved 1081344K
  class space    used 3852K, committed 4032K, reserved 1048576K
}
Event: 10.848 GC heap after
{Heap after GC invocations=9 (full 0):
 garbage-first heap   total 51200K, used 18083K [0x0000000080a00000, 0x0000000100000000)
  region size 1024K, 2 young (2048K), 2 survivors (2048K)
 Metaspace       used 30606K, committed 30976K, reserved 1081344K
  class space    used 3852K, committed 4032K, reserved 1048576K
}
Event: 11.432 GC heap before
{Heap before GC invocations=9 (full 0):
 garbage-first heap   total 51200K, used 38563K [0x0000000080a00000, 0x0000000100000000)
  region size 1024K, 22 young (22528K), 2 survivors (2048K)
 Metaspace       used 33328K, committed 33664K, reserved 1081344K
  class space    used 4193K, committed 4352K, reserved 1048576K
}
Event: 11.437 GC heap after
{Heap after GC invocations=10 (full 0):
 garbage-first heap   total 51200K, used 19730K [0x0000000080a00000, 0x0000000100000000)
  region size 1024K, 3 young (3072K), 3 survivors (3072K)
 Metaspace       used 33328K, committed 33664K, reserved 1081344K
  class space    used 4193K, committed 4352K, reserved 1048576K
}
Event: 11.961 GC heap before
{Heap before GC invocations=10 (full 0):
 garbage-first heap   total 51200K, used 38162K [0x0000000080a00000, 0x0000000100000000)
  region size 1024K, 21 young (21504K), 3 survivors (3072K)
 Metaspace       used 35619K, committed 35968K, reserved 1081344K
  class space    used 4534K, committed 4672K, reserved 1048576K
}
Event: 11.965 GC heap after
{Heap after GC invocations=11 (full 0):
 garbage-first heap   total 51200K, used 20770K [0x0000000080a00000, 0x0000000100000000)
  region size 1024K, 1 young (1024K), 1 survivors (1024K)
 Metaspace       used 35619K, committed 35968K, reserved 1081344K
  class space    used 4534K, committed 4672K, reserved 1048576K
}
Event: 11.968 GC heap before
{Heap before GC invocations=11 (full 0):
 garbage-first heap   total 51200K, used 20770K [0x0000000080a00000, 0x0000000100000000)
  region size 1024K, 2 young (2048K), 1 survivors (1024K)
 Metaspace       used 35635K, committed 35968K, reserved 1081344K
  class space    used 4535K, committed 4672K, reserved 1048576K
}
Event: 11.970 GC heap after
{Heap after GC invocations=12 (full 0):
 garbage-first heap   total 51200K, used 20492K [0x0000000080a00000, 0x0000000100000000)
  region size 1024K, 1 young (1024K), 1 survivors (1024K)
 Metaspace       used 35635K, committed 35968K, reserved 1081344K
  class space    used 4535K, committed 4672K, reserved 1048576K
}

